# JRE version: OpenJDK Runtime Environment AdoptOpenJDK-11.0.11+9 (11.0.11+9) (build 11.0.11+9)
# Java VM: OpenJDK 64-Bit Server VM AdoptOpenJDK-11.0.11+9 (11.0.11+9, mixed mode, tiered, compressed oops, parallel gc, windows-amd64)
Heap:
 PSYoungGen      total 20480K, used 1010K [0x00000000eab00000, 0x00000000ec280000, 0x0000000100000000)
  eden space 19968K, 3% used [0x00000000eab00000,0x00000000eabb0860,0x00000000ebe80000)
  from space 512K, 59% used [0x00000000ebe80000,0x00000000ebecc010,0x00000000ebf00000)
  to   space 1536K, 0% used [0x00000000ec100000,0x00000000ec100000,0x00000000ec280000)
 ParOldGen       total 68608K, used 26446K [0x00000000c0000000, 0x00000000c4300000, 0x00000000eab00000)
  object space 68608K, 38% used [0x00000000c0000000,0x00000000c19d3860,0x00000000c4300000)
 Metaspace       used 42110K, capacity 44188K, committed 44504K, reserved 1089536K
  class space    used 3986K, capacity 4771K, committed 4864K, reserved 1048576K
GC Heap History (20 events):
Event: 3.522 GC heap before
{Heap before GC invocations=13 (full 1):
 PSYoungGen      total 24064K, used 24000K [0x00000000eab00000, 0x00000000ec600000, 0x0000000100000000)
  eden space 21504K, 100% used [0x00000000eab00000,0x00000000ec000000,0x00000000ec000000)
  from space 2560K, 97% used [0x00000000ec000000,0x00000000ec270010,0x00000000ec280000)
  to   space 3072K, 0% used [0x00000000ec300000,0x00000000ec300000,0x00000000ec600000)
 ParOldGen       total 68608K, used 16399K [0x00000000c0000000, 0x00000000c4300000, 0x00000000eab00000)
  object space 68608K, 23% used [0x00000000c0000000,0x00000000c1003ca0,0x00000000c4300000)
 Metaspace       used 32107K, capacity 33986K, committed 34048K, reserved 1079296K
  class space    used 3095K, capacity 3801K, committed 3840K, reserved 1048576K
}
Event: 3.532 GC heap after
{Heap after GC invocations=13 (full 1):
 PSYoungGen      total 24576K, used 2464K [0x00000000eab00000, 0x00000000ec600000, 0x0000000100000000)
  eden space 21504K, 0% used [0x00000000eab00000,0x00000000eab00000,0x00000000ec000000)
  from space 3072K, 80% used [0x00000000ec300000,0x00000000ec568010,0x00000000ec600000)
  to   space 3072K, 0% used [0x00000000ec000000,0x00000000ec000000,0x00000000ec300000)
 ParOldGen       total 68608K, used 18874K [0x00000000c0000000, 0x00000000c4300000, 0x00000000eab00000)
  object space 68608K, 27% used [0x00000000c0000000,0x00000000c126ea78,0x00000000c4300000)
 Metaspace       used 32107K, capacity 33986K, committed 34048K, reserved 1079296K
  class space    used 3095K, capacity 3801K, committed 3840K, reserved 1048576K
}
Event: 3.575 GC heap before
{Heap before GC invocations=14 (full 1):
 PSYoungGen      total 24576K, used 23968K [0x00000000eab00000, 0x00000000ec600000, 0x0000000100000000)
  eden space 21504K, 100% used [0x00000000eab00000,0x00000000ec000000,0x00000000ec000000)
  from space 3072K, 80% used [0x00000000ec300000,0x00000000ec568010,0x00000000ec600000)
  to   space 3072K, 0% used [0x00000000ec000000,0x00000000ec000000,0x00000000ec300000)
 ParOldGen       total 68608K, used 18874K [0x00000000c0000000, 0x00000000c4300000, 0x00000000eab00000)
  object space 68608K, 27% used [0x00000000c0000000,0x00000000c126ea78,0x00000000c4300000)
 Metaspace       used 32107K, capacity 33986K, committed 34048K, reserved 1079296K
  class space    used 3095K, capacity 3801K, committed 3840K, reserved 1048576K
}
Event: 3.580 GC heap after
{Heap after GC invocations=14 (full 1):
 PSYoungGen      total 23552K, used 2016K [0x00000000eab00000, 0x00000000ec500000, 0x0000000100000000)
  eden space 21504K, 0% used [0x00000000eab00000,0x00000000eab00000,0x00000000ec000000)
  from space 2048K, 98% used [0x00000000ec000000,0x00000000ec1f8000,0x00000000ec200000)
  to   space 2560K, 0% used [0x00000000ec280000,0x00000000ec280000,0x00000000ec500000)
 ParOldGen       total 68608K, used 21304K [0x00000000c0000000, 0x00000000c4300000, 0x00000000eab00000)
  object space 68608K, 31% used [0x00000000c0000000,0x00000000c14ce308,0x00000000c4300000)
 Metaspace       used 32107K, capacity 33986K, committed 34048K, reserved 1079296K
  class space    used 3095K, capacity 3801K, committed 3840K, reserved 1048576K
}
Event: 336.536 GC heap before
{Heap before GC invocations=15 (full 1):
 PSYoungGen      total 23552K, used 14806K [0x00000000eab00000, 0x00000000ec500000, 0x0000000100000000)
  eden space 21504K, 59% used [0x00000000eab00000,0x00000000eb77da50,0x00000000ec000000)
  from space 2048K, 98% used [0x00000000ec000000,0x00000000ec1f8000,0x00000000ec200000)
  to   space 2560K, 0% used [0x00000000ec280000,0x00000000ec280000,0x00000000ec500000)
 ParOldGen       total 68608K, used 21304K [0x00000000c0000000, 0x00000000c4300000, 0x00000000eab00000)
  object space 68608K, 31% used [0x00000000c0000000,0x00000000c14ce308,0x00000000c4300000)
 Metaspace       used 33343K, capacity 35322K, committed 35416K, reserved 1081344K
  class space    used 3206K, capacity 3948K, committed 3968K, reserved 1048576K
}
Event: 336.542 GC heap after
{Heap after GC invocations=15 (full 1):
 PSYoungGen      total 24064K, used 2260K [0x00000000eab00000, 0x00000000ec500000, 0x0000000100000000)
  eden space 21504K, 0% used [0x00000000eab00000,0x00000000eab00000,0x00000000ec000000)
  from space 2560K, 88% used [0x00000000ec280000,0x00000000ec4b53e0,0x00000000ec500000)
  to   space 2560K, 0% used [0x00000000ec000000,0x00000000ec000000,0x00000000ec280000)
 ParOldGen       total 68608K, used 23293K [0x00000000c0000000, 0x00000000c4300000, 0x00000000eab00000)
  object space 68608K, 33% used [0x00000000c0000000,0x00000000c16bf660,0x00000000c4300000)
 Metaspace       used 33343K, capacity 35322K, committed 35416K, reserved 1081344K
  class space    used 3206K, capacity 3948K, committed 3968K, reserved 1048576K
}
Event: 336.542 GC heap before
{Heap before GC invocations=16 (full 2):
 PSYoungGen      total 24064K, used 2260K [0x00000000eab00000, 0x00000000ec500000, 0x0000000100000000)
  eden space 21504K, 0% used [0x00000000eab00000,0x00000000eab00000,0x00000000ec000000)
  from space 2560K, 88% used [0x00000000ec280000,0x00000000ec4b53e0,0x00000000ec500000)
  to   space 2560K, 0% used [0x00000000ec000000,0x00000000ec000000,0x00000000ec280000)
 ParOldGen       total 68608K, used 23293K [0x00000000c0000000, 0x00000000c4300000, 0x00000000eab00000)
  object space 68608K, 33% used [0x00000000c0000000,0x00000000c16bf660,0x00000000c4300000)
 Metaspace       used 33343K, capacity 35322K, committed 35416K, reserved 1081344K
  class space    used 3206K, capacity 3948K, committed 3968K, reserved 1048576K
}
Event: 336.695 GC heap after
{Heap after GC invocations=16 (full 2):
 PSYoungGen      total 24064K, used 0K [0x00000000eab00000, 0x00000000ec500000, 0x0000000100000000)
  eden space 21504K, 0% used [0x00000000eab00000,0x00000000eab00000,0x00000000ec000000)
  from space 2560K, 0% used [0x00000000ec280000,0x00000000ec280000,0x00000000ec500000)
  to   space 2560K, 0% used [0x00000000ec000000,0x00000000ec000000,0x00000000ec280000)
 ParOldGen       total 68608K, used 22191K [0x00000000c0000000, 0x00000000c4300000, 0x00000000eab00000)
  object space 68608K, 32% used [0x00000000c0000000,0x00000000c15abc40,0x00000000c4300000)
 Metaspace       used 33343K, capacity 35322K, committed 35416K, reserved 1081344K
  class space    used 3206K, capacity 3948K, committed 3968K, reserved 1048576K
}
Event: 337.320 GC heap before
{Heap before GC invocations=17 (full 2):
 PSYoungGen      total 24064K, used 21504K [0x00000000eab00000, 0x00000000ec500000, 0x0000000100000000)
  eden space 21504K, 100% used [0x00000000eab00000,0x00000000ec000000,0x00000000ec000000)
  from space 2560K, 0% used [0x00000000ec280000,0x00000000ec280000,0x00000000ec500000)
  to   space 2560K, 0% used [0x00000000ec000000,0x00000000ec000000,0x00000000ec280000)
 ParOldGen       total 68608K, used 22191K [0x00000000c0000000, 0x00000000c4300000, 0x00000000eab00000)
  object space 68608K, 32% used [0x00000000c0000000,0x00000000c15abc40,0x00000000c4300000)
 Metaspace       used 34801K, capacity 36840K, committed 37080K, reserved 1083392K
  class space    used 3312K, capacity 4049K, committed 4096K, reserved 1048576K
}
Event: 337.322 GC heap after
{Heap after GC invocations=17 (full 2):
 PSYoungGen      total 22528K, used 798K [0x00000000eab00000, 0x00000000ec300000, 0x0000000100000000)
  eden space 21504K, 0% used [0x00000000eab00000,0x00000000eab00000,0x00000000ec000000)
  from space 1024K, 77% used [0x00000000ec000000,0x00000000ec0c7830,0x00000000ec100000)
  to   space 1536K, 0% used [0x00000000ec180000,0x00000000ec180000,0x00000000ec300000)
 ParOldGen       total 68608K, used 22199K [0x00000000c0000000, 0x00000000c4300000, 0x00000000eab00000)
  object space 68608K, 32% used [0x00000000c0000000,0x00000000c15adc40,0x00000000c4300000)
 Metaspace       used 34801K, capacity 36840K, committed 37080K, reserved 1083392K
  class space    used 3312K, capacity 4049K, committed 4096K, reserved 1048576K
}
Event: 337.760 GC heap before
{Heap before GC invocations=18 (full 2):
 PSYoungGen      total 22528K, used 22302K [0x00000000eab00000, 0x00000000ec300000, 0x0000000100000000)
  eden space 21504K, 100% used [0x00000000eab00000,0x00000000ec000000,0x00000000ec000000)
  from space 1024K, 77% used [0x00000000ec000000,0x00000000ec0c7830,0x00000000ec100000)
  to   space 1536K, 0% used [0x00000000ec180000,0x00000000ec180000,0x00000000ec300000)
 ParOldGen       total 68608K, used 22199K [0x00000000c0000000, 0x00000000c4300000, 0x00000000eab00000)
  object space 68608K, 32% used [0x00000000c0000000,0x00000000c15adc40,0x00000000c4300000)
 Metaspace       used 36066K, capacity 38151K, committed 38232K, reserved 1083392K
  class space    used 3461K, capacity 4187K, committed 4224K, reserved 1048576K
}
Event: 337.763 GC heap after
{Heap after GC invocations=18 (full 2):
 PSYoungGen      total 22016K, used 323K [0x00000000eab00000, 0x00000000ec200000, 0x0000000100000000)
  eden space 21504K, 0% used [0x00000000eab00000,0x00000000eab00000,0x00000000ec000000)
  from space 512K, 63% used [0x00000000ec180000,0x00000000ec1d0c78,0x00000000ec200000)
  to   space 1024K, 0% used [0x00000000ec000000,0x00000000ec000000,0x00000000ec100000)
 ParOldGen       total 68608K, used 22733K [0x00000000c0000000, 0x00000000c4300000, 0x00000000eab00000)
  object space 68608K, 33% used [0x00000000c0000000,0x00000000c1633688,0x00000000c4300000)
 Metaspace       used 36066K, capacity 38151K, committed 38232K, reserved 1083392K
  class space    used 3461K, capacity 4187K, committed 4224K, reserved 1048576K
}
Event: 339.225 GC heap before
{Heap before GC invocations=19 (full 2):
 PSYoungGen      total 22016K, used 21827K [0x00000000eab00000, 0x00000000ec200000, 0x0000000100000000)
  eden space 21504K, 100% used [0x00000000eab00000,0x00000000ec000000,0x00000000ec000000)
  from space 512K, 63% used [0x00000000ec180000,0x00000000ec1d0c78,0x00000000ec200000)
  to   space 1024K, 0% used [0x00000000ec000000,0x00000000ec000000,0x00000000ec100000)
 ParOldGen       total 68608K, used 22733K [0x00000000c0000000, 0x00000000c4300000, 0x00000000eab00000)
  object space 68608K, 33% used [0x00000000c0000000,0x00000000c1633688,0x00000000c4300000)
 Metaspace       used 37856K, capacity 39976K, committed 40024K, reserved 1085440K
  class space    used 3643K, capacity 4454K, committed 4480K, reserved 1048576K
}
Event: 339.321 GC heap after
{Heap after GC invocations=19 (full 2):
 PSYoungGen      total 22528K, used 800K [0x00000000eab00000, 0x00000000ec200000, 0x0000000100000000)
  eden space 21504K, 0% used [0x00000000eab00000,0x00000000eab00000,0x00000000ec000000)
  from space 1024K, 78% used [0x00000000ec000000,0x00000000ec0c8030,0x00000000ec100000)
  to   space 1024K, 0% used [0x00000000ec100000,0x00000000ec100000,0x00000000ec200000)
 ParOldGen       total 68608K, used 22965K [0x00000000c0000000, 0x00000000c4300000, 0x00000000eab00000)
  object space 68608K, 33% used [0x00000000c0000000,0x00000000c166d688,0x00000000c4300000)
 Metaspace       used 37856K, capacity 39976K, committed 40024K, reserved 1085440K
  class space    used 3643K, capacity 4454K, committed 4480K, reserved 1048576K
}
Event: 339.629 GC heap before
{Heap before GC invocations=20 (full 2):
 PSYoungGen      total 22528K, used 22304K [0x00000000eab00000, 0x00000000ec200000, 0x0000000100000000)
  eden space 21504K, 100% used [0x00000000eab00000,0x00000000ec000000,0x00000000ec000000)
  from space 1024K, 78% used [0x00000000ec000000,0x00000000ec0c8030,0x00000000ec100000)
  to   space 1024K, 0% used [0x00000000ec100000,0x00000000ec100000,0x00000000ec200000)
 ParOldGen       total 68608K, used 22965K [0x00000000c0000000, 0x00000000c4300000, 0x00000000eab00000)
  object space 68608K, 33% used [0x00000000c0000000,0x00000000c166d688,0x00000000c4300000)
 Metaspace       used 38168K, capacity 40233K, committed 40280K, reserved 1085440K
  class space    used 3653K, capacity 4454K, committed 4480K, reserved 1048576K
}
Event: 339.631 GC heap after
{Heap after GC invocations=20 (full 2):
 PSYoungGen      total 22528K, used 608K [0x00000000eab00000, 0x00000000ec200000, 0x0000000100000000)
  eden space 21504K, 0% used [0x00000000eab00000,0x00000000eab00000,0x00000000ec000000)
  from space 1024K, 59% used [0x00000000ec100000,0x00000000ec198000,0x00000000ec200000)
  to   space 1024K, 0% used [0x00000000ec000000,0x00000000ec000000,0x00000000ec100000)
 ParOldGen       total 68608K, used 23712K [0x00000000c0000000, 0x00000000c4300000, 0x00000000eab00000)
  object space 68608K, 34% used [0x00000000c0000000,0x00000000c1728030,0x00000000c4300000)
 Metaspace       used 38168K, capacity 40233K, committed 40280K, reserved 1085440K
  class space    used 3653K, capacity 4454K, committed 4480K, reserved 1048576K
}
Event: 339.825 GC heap before
{Heap before GC invocations=21 (full 2):
 PSYoungGen      total 22528K, used 22112K [0x00000000eab00000, 0x00000000ec200000, 0x0000000100000000)
  eden space 21504K, 100% used [0x00000000eab00000,0x00000000ec000000,0x00000000ec000000)
  from space 1024K, 59% used [0x00000000ec100000,0x00000000ec198000,0x00000000ec200000)
  to   space 1024K, 0% used [0x00000000ec000000,0x00000000ec000000,0x00000000ec100000)
 ParOldGen       total 68608K, used 23712K [0x00000000c0000000, 0x00000000c4300000, 0x00000000eab00000)
  object space 68608K, 34% used [0x00000000c0000000,0x00000000c1728030,0x00000000c4300000)
 Metaspace       used 38543K, capacity 40669K, committed 40920K, reserved 1085440K
  class space    used 3687K, capacity 4493K, committed 4608K, reserved 1048576K
}
Event: 339.854 GC heap after
{Heap after GC invocations=21 (full 2):
 PSYoungGen      total 22528K, used 1008K [0x00000000eab00000, 0x00000000ec400000, 0x0000000100000000)
  eden space 21504K, 0% used [0x00000000eab00000,0x00000000eab00000,0x00000000ec000000)
  from space 1024K, 98% used [0x00000000ec000000,0x00000000ec0fc010,0x00000000ec100000)
  to   space 2048K, 0% used [0x00000000ec200000,0x00000000ec200000,0x00000000ec400000)
 ParOldGen       total 68608K, used 24475K [0x00000000c0000000, 0x00000000c4300000, 0x00000000eab00000)
  object space 68608K, 35% used [0x00000000c0000000,0x00000000c17e6f70,0x00000000c4300000)
 Metaspace       used 38543K, capacity 40669K, committed 40920K, reserved 1085440K
  class space    used 3687K, capacity 4493K, committed 4608K, reserved 1048576K
}
Event: 340.192 GC heap before
{Heap before GC invocations=22 (full 2):
 PSYoungGen      total 22528K, used 22512K [0x00000000eab00000, 0x00000000ec400000, 0x0000000100000000)
  eden space 21504K, 100% used [0x00000000eab00000,0x00000000ec000000,0x00000000ec000000)
  from space 1024K, 98% used [0x00000000ec000000,0x00000000ec0fc010,0x00000000ec100000)
  to   space 2048K, 0% used [0x00000000ec200000,0x00000000ec200000,0x00000000ec400000)
 ParOldGen       total 68608K, used 24475K [0x00000000c0000000, 0x00000000c4300000, 0x00000000eab00000)
  object space 68608K, 35% used [0x00000000c0000000,0x00000000c17e6f70,0x00000000c4300000)
 Metaspace       used 40417K, capacity 42576K, committed 42840K, reserved 1087488K
  class space    used 3831K, capacity 4639K, committed 4736K, reserved 1048576K
}
Event: 340.198 GC heap after
{Heap after GC invocations=22 (full 2):
 PSYoungGen      total 22016K, used 2034K [0x00000000eab00000, 0x00000000ec700000, 0x0000000100000000)
  eden space 19968K, 0% used [0x00000000eab00000,0x00000000eab00000,0x00000000ebe80000)
  from space 2048K, 99% used [0x00000000ec200000,0x00000000ec3fc810,0x00000000ec400000)
  to   space 3584K, 0% used [0x00000000ebe80000,0x00000000ebe80000,0x00000000ec200000)
 ParOldGen       total 68608K, used 25587K [0x00000000c0000000, 0x00000000c4300000, 0x00000000eab00000)
  object space 68608K, 37% used [0x00000000c0000000,0x00000000c18fcf90,0x00000000c4300000)
 Metaspace       used 40417K, capacity 42576K, committed 42840K, reserved 1087488K
  class space    used 3831K, capacity 4639K, committed 4736K, reserved 1048576K
}

