# JRE version: OpenJDK Runtime Environment AdoptOpenJDK-11.0.11+9 (11.0.11+9) (build 11.0.11+9)
# Java VM: OpenJDK 64-Bit Server VM AdoptOpenJDK-11.0.11+9 (11.0.11+9, mixed mode, tiered, compressed oops, parallel gc, windows-amd64)
Heap:
 PSYoungGen      total 46592K, used 31744K [0x00000000eab00000, 0x00000000eec00000, 0x0000000100000000)
  eden space 37888K, 62% used [0x00000000eab00000,0x00000000ec22d170,0x00000000ed000000)
  from space 8704K, 92% used [0x00000000edb80000,0x00000000ee353170,0x00000000ee400000)
  to   space 11776K, 0% used [0x00000000ed000000,0x00000000ed000000,0x00000000edb80000)
 ParOldGen       total 264704K, used 228484K [0x00000000c0000000, 0x00000000d0280000, 0x00000000eab00000)
  object space 264704K, 86% used [0x00000000c0000000,0x00000000cdf21140,0x00000000d0280000)
 Metaspace       used 52719K, capacity 55132K, committed 55256K, reserved 1097728K
  class space    used 5387K, capacity 6286K, committed 6400K, reserved 1048576K
GC Heap History (20 events):
Event: 14.803 GC heap before
{Heap before GC invocations=78 (full 6):
 PSYoungGen      total 29696K, used 29127K [0x00000000eab00000, 0x00000000ed500000, 0x0000000100000000)
  eden space 24064K, 97% used [0x00000000eab00000,0x00000000ec1f8a70,0x00000000ec280000)
  from space 5632K, 99% used [0x00000000ec280000,0x00000000ec7f93d8,0x00000000ec800000)
  to   space 9216K, 0% used [0x00000000ecc00000,0x00000000ecc00000,0x00000000ed500000)
 ParOldGen       total 202240K, used 173957K [0x00000000c0000000, 0x00000000cc580000, 0x00000000eab00000)
  object space 202240K, 86% used [0x00000000c0000000,0x00000000ca9e1440,0x00000000cc580000)
 Metaspace       used 51973K, capacity 54364K, committed 54616K, reserved 1097728K
  class space    used 5346K, capacity 6242K, committed 6272K, reserved 1048576K
}
Event: 14.816 GC heap after
{Heap after GC invocations=78 (full 6):
 PSYoungGen      total 32768K, used 5119K [0x00000000eab00000, 0x00000000ed200000, 0x0000000100000000)
  eden space 26624K, 0% used [0x00000000eab00000,0x00000000eab00000,0x00000000ec500000)
  from space 6144K, 83% used [0x00000000ecc00000,0x00000000ed0ffd48,0x00000000ed200000)
  to   space 6656K, 0% used [0x00000000ec500000,0x00000000ec500000,0x00000000ecb80000)
 ParOldGen       total 202240K, used 179641K [0x00000000c0000000, 0x00000000cc580000, 0x00000000eab00000)
  object space 202240K, 88% used [0x00000000c0000000,0x00000000caf6e6b8,0x00000000cc580000)
 Metaspace       used 51973K, capacity 54364K, committed 54616K, reserved 1097728K
  class space    used 5346K, capacity 6242K, committed 6272K, reserved 1048576K
}
Event: 14.901 GC heap before
{Heap before GC invocations=79 (full 6):
 PSYoungGen      total 32768K, used 31743K [0x00000000eab00000, 0x00000000ed200000, 0x0000000100000000)
  eden space 26624K, 100% used [0x00000000eab00000,0x00000000ec500000,0x00000000ec500000)
  from space 6144K, 83% used [0x00000000ecc00000,0x00000000ed0ffd48,0x00000000ed200000)
  to   space 6656K, 0% used [0x00000000ec500000,0x00000000ec500000,0x00000000ecb80000)
 ParOldGen       total 202240K, used 179641K [0x00000000c0000000, 0x00000000cc580000, 0x00000000eab00000)
  object space 202240K, 88% used [0x00000000c0000000,0x00000000caf6e6b8,0x00000000cc580000)
 Metaspace       used 51975K, capacity 54364K, committed 54616K, reserved 1097728K
  class space    used 5346K, capacity 6242K, committed 6272K, reserved 1048576K
}
Event: 14.912 GC heap after
{Heap after GC invocations=79 (full 6):
 PSYoungGen      total 33280K, used 6646K [0x00000000eab00000, 0x00000000edf80000, 0x0000000100000000)
  eden space 26624K, 0% used [0x00000000eab00000,0x00000000eab00000,0x00000000ec500000)
  from space 6656K, 99% used [0x00000000ec500000,0x00000000ecb7d8c8,0x00000000ecb80000)
  to   space 12288K, 0% used [0x00000000ed380000,0x00000000ed380000,0x00000000edf80000)
 ParOldGen       total 202240K, used 183949K [0x00000000c0000000, 0x00000000cc580000, 0x00000000eab00000)
  object space 202240K, 90% used [0x00000000c0000000,0x00000000cb3a3640,0x00000000cc580000)
 Metaspace       used 51975K, capacity 54364K, committed 54616K, reserved 1097728K
  class space    used 5346K, capacity 6242K, committed 6272K, reserved 1048576K
}
Event: 14.988 GC heap before
{Heap before GC invocations=80 (full 6):
 PSYoungGen      total 33280K, used 33270K [0x00000000eab00000, 0x00000000edf80000, 0x0000000100000000)
  eden space 26624K, 100% used [0x00000000eab00000,0x00000000ec500000,0x00000000ec500000)
  from space 6656K, 99% used [0x00000000ec500000,0x00000000ecb7d8c8,0x00000000ecb80000)
  to   space 12288K, 0% used [0x00000000ed380000,0x00000000ed380000,0x00000000edf80000)
 ParOldGen       total 202240K, used 183949K [0x00000000c0000000, 0x00000000cc580000, 0x00000000eab00000)
  object space 202240K, 90% used [0x00000000c0000000,0x00000000cb3a3640,0x00000000cc580000)
 Metaspace       used 51980K, capacity 54364K, committed 54616K, reserved 1097728K
  class space    used 5346K, capacity 6242K, committed 6272K, reserved 1048576K
}
Event: 15.002 GC heap after
{Heap after GC invocations=80 (full 6):
 PSYoungGen      total 35328K, used 5795K [0x00000000eab00000, 0x00000000ed980000, 0x0000000100000000)
  eden space 29184K, 0% used [0x00000000eab00000,0x00000000eab00000,0x00000000ec780000)
  from space 6144K, 94% used [0x00000000ed380000,0x00000000ed928d90,0x00000000ed980000)
  to   space 7680K, 0% used [0x00000000eca80000,0x00000000eca80000,0x00000000ed200000)
 ParOldGen       total 202240K, used 190651K [0x00000000c0000000, 0x00000000cc580000, 0x00000000eab00000)
  object space 202240K, 94% used [0x00000000c0000000,0x00000000cba2ecd0,0x00000000cc580000)
 Metaspace       used 51980K, capacity 54364K, committed 54616K, reserved 1097728K
  class space    used 5346K, capacity 6242K, committed 6272K, reserved 1048576K
}
Event: 15.092 GC heap before
{Heap before GC invocations=81 (full 6):
 PSYoungGen      total 35328K, used 34979K [0x00000000eab00000, 0x00000000ed980000, 0x0000000100000000)
  eden space 29184K, 100% used [0x00000000eab00000,0x00000000ec780000,0x00000000ec780000)
  from space 6144K, 94% used [0x00000000ed380000,0x00000000ed928d90,0x00000000ed980000)
  to   space 7680K, 0% used [0x00000000eca80000,0x00000000eca80000,0x00000000ed200000)
 ParOldGen       total 202240K, used 190651K [0x00000000c0000000, 0x00000000cc580000, 0x00000000eab00000)
  object space 202240K, 94% used [0x00000000c0000000,0x00000000cba2ecd0,0x00000000cc580000)
 Metaspace       used 51989K, capacity 54364K, committed 54616K, reserved 1097728K
  class space    used 5346K, capacity 6242K, committed 6272K, reserved 1048576K
}
Event: 15.107 GC heap after
{Heap after GC invocations=81 (full 6):
 PSYoungGen      total 39936K, used 7665K [0x00000000eab00000, 0x00000000ee480000, 0x0000000100000000)
  eden space 32256K, 0% used [0x00000000eab00000,0x00000000eab00000,0x00000000eca80000)
  from space 7680K, 99% used [0x00000000eca80000,0x00000000ed1fc5a8,0x00000000ed200000)
  to   space 13312K, 0% used [0x00000000ed780000,0x00000000ed780000,0x00000000ee480000)
 ParOldGen       total 202240K, used 194986K [0x00000000c0000000, 0x00000000cc580000, 0x00000000eab00000)
  object space 202240K, 96% used [0x00000000c0000000,0x00000000cbe6ab40,0x00000000cc580000)
 Metaspace       used 51989K, capacity 54364K, committed 54616K, reserved 1097728K
  class space    used 5346K, capacity 6242K, committed 6272K, reserved 1048576K
}
Event: 15.323 GC heap before
{Heap before GC invocations=82 (full 6):
 PSYoungGen      total 39936K, used 39921K [0x00000000eab00000, 0x00000000ee480000, 0x0000000100000000)
  eden space 32256K, 100% used [0x00000000eab00000,0x00000000eca80000,0x00000000eca80000)
  from space 7680K, 99% used [0x00000000eca80000,0x00000000ed1fc5a8,0x00000000ed200000)
  to   space 13312K, 0% used [0x00000000ed780000,0x00000000ed780000,0x00000000ee480000)
 ParOldGen       total 202240K, used 194986K [0x00000000c0000000, 0x00000000cc580000, 0x00000000eab00000)
  object space 202240K, 96% used [0x00000000c0000000,0x00000000cbe6ab40,0x00000000cc580000)
 Metaspace       used 52057K, capacity 54428K, committed 54616K, reserved 1097728K
  class space    used 5346K, capacity 6242K, committed 6272K, reserved 1048576K
}
Event: 15.344 GC heap after
{Heap after GC invocations=82 (full 6):
 PSYoungGen      total 42496K, used 6136K [0x00000000eab00000, 0x00000000ede80000, 0x0000000100000000)
  eden space 35328K, 0% used [0x00000000eab00000,0x00000000eab00000,0x00000000ecd80000)
  from space 7168K, 85% used [0x00000000ed780000,0x00000000edd7e380,0x00000000ede80000)
  to   space 8704K, 0% used [0x00000000ecd80000,0x00000000ecd80000,0x00000000ed600000)
 ParOldGen       total 202752K, used 202526K [0x00000000c0000000, 0x00000000cc600000, 0x00000000eab00000)
  object space 202752K, 99% used [0x00000000c0000000,0x00000000cc5c7ac0,0x00000000cc600000)
 Metaspace       used 52057K, capacity 54428K, committed 54616K, reserved 1097728K
  class space    used 5346K, capacity 6242K, committed 6272K, reserved 1048576K
}
Event: 15.344 GC heap before
{Heap before GC invocations=83 (full 7):
 PSYoungGen      total 42496K, used 6136K [0x00000000eab00000, 0x00000000ede80000, 0x0000000100000000)
  eden space 35328K, 0% used [0x00000000eab00000,0x00000000eab00000,0x00000000ecd80000)
  from space 7168K, 85% used [0x00000000ed780000,0x00000000edd7e380,0x00000000ede80000)
  to   space 8704K, 0% used [0x00000000ecd80000,0x00000000ecd80000,0x00000000ed600000)
 ParOldGen       total 202752K, used 202526K [0x00000000c0000000, 0x00000000cc600000, 0x00000000eab00000)
  object space 202752K, 99% used [0x00000000c0000000,0x00000000cc5c7ac0,0x00000000cc600000)
 Metaspace       used 52057K, capacity 54428K, committed 54616K, reserved 1097728K
  class space    used 5346K, capacity 6242K, committed 6272K, reserved 1048576K
}
Event: 15.902 GC heap after
{Heap after GC invocations=83 (full 7):
 PSYoungGen      total 44032K, used 1968K [0x00000000eab00000, 0x00000000ee180000, 0x0000000100000000)
  eden space 36864K, 0% used [0x00000000eab00000,0x00000000eab00000,0x00000000ecf00000)
  from space 7168K, 27% used [0x00000000ed780000,0x00000000ed96c300,0x00000000ede80000)
  to   space 8704K, 0% used [0x00000000ecf00000,0x00000000ecf00000,0x00000000ed780000)
 ParOldGen       total 264704K, used 202709K [0x00000000c0000000, 0x00000000d0280000, 0x00000000eab00000)
  object space 264704K, 76% used [0x00000000c0000000,0x00000000cc5f5548,0x00000000d0280000)
 Metaspace       used 52057K, capacity 54428K, committed 54616K, reserved 1097728K
  class space    used 5346K, capacity 6242K, committed 6272K, reserved 1048576K
}
Event: 16.047 GC heap before
{Heap before GC invocations=84 (full 7):
 PSYoungGen      total 44032K, used 38832K [0x00000000eab00000, 0x00000000ee180000, 0x0000000100000000)
  eden space 36864K, 100% used [0x00000000eab00000,0x00000000ecf00000,0x00000000ecf00000)
  from space 7168K, 27% used [0x00000000ed780000,0x00000000ed96c300,0x00000000ede80000)
  to   space 8704K, 0% used [0x00000000ecf00000,0x00000000ecf00000,0x00000000ed780000)
 ParOldGen       total 264704K, used 202709K [0x00000000c0000000, 0x00000000d0280000, 0x00000000eab00000)
  object space 264704K, 76% used [0x00000000c0000000,0x00000000cc5f5548,0x00000000d0280000)
 Metaspace       used 52196K, capacity 54610K, committed 54744K, reserved 1097728K
  class space    used 5359K, capacity 6283K, committed 6400K, reserved 1048576K
}
Event: 16.114 GC heap after
{Heap after GC invocations=84 (full 7):
 PSYoungGen      total 45568K, used 8696K [0x00000000eab00000, 0x00000000ee500000, 0x0000000100000000)
  eden space 36864K, 0% used [0x00000000eab00000,0x00000000eab00000,0x00000000ecf00000)
  from space 8704K, 99% used [0x00000000ecf00000,0x00000000ed77e218,0x00000000ed780000)
  to   space 9728K, 0% used [0x00000000edb80000,0x00000000edb80000,0x00000000ee500000)
 ParOldGen       total 264704K, used 203025K [0x00000000c0000000, 0x00000000d0280000, 0x00000000eab00000)
  object space 264704K, 76% used [0x00000000c0000000,0x00000000cc644480,0x00000000d0280000)
 Metaspace       used 52196K, capacity 54610K, committed 54744K, reserved 1097728K
  class space    used 5359K, capacity 6283K, committed 6400K, reserved 1048576K
}
Event: 16.339 GC heap before
{Heap before GC invocations=85 (full 7):
 PSYoungGen      total 45568K, used 45560K [0x00000000eab00000, 0x00000000ee500000, 0x0000000100000000)
  eden space 36864K, 100% used [0x00000000eab00000,0x00000000ecf00000,0x00000000ecf00000)
  from space 8704K, 99% used [0x00000000ecf00000,0x00000000ed77e218,0x00000000ed780000)
  to   space 9728K, 0% used [0x00000000edb80000,0x00000000edb80000,0x00000000ee500000)
 ParOldGen       total 264704K, used 203025K [0x00000000c0000000, 0x00000000d0280000, 0x00000000eab00000)
  object space 264704K, 76% used [0x00000000c0000000,0x00000000cc644480,0x00000000d0280000)
 Metaspace       used 52200K, capacity 54610K, committed 54744K, reserved 1097728K
  class space    used 5359K, capacity 6283K, committed 6400K, reserved 1048576K
}
Event: 16.364 GC heap after
{Heap after GC invocations=85 (full 7):
 PSYoungGen      total 48640K, used 8197K [0x00000000eab00000, 0x00000000ee400000, 0x0000000100000000)
  eden space 39936K, 0% used [0x00000000eab00000,0x00000000eab00000,0x00000000ed200000)
  from space 8704K, 94% used [0x00000000edb80000,0x00000000ee381658,0x00000000ee400000)
  to   space 8704K, 0% used [0x00000000ed300000,0x00000000ed300000,0x00000000edb80000)
 ParOldGen       total 264704K, used 211653K [0x00000000c0000000, 0x00000000d0280000, 0x00000000eab00000)
  object space 264704K, 79% used [0x00000000c0000000,0x00000000cceb16d0,0x00000000d0280000)
 Metaspace       used 52200K, capacity 54610K, committed 54744K, reserved 1097728K
  class space    used 5359K, capacity 6283K, committed 6400K, reserved 1048576K
}
Event: 16.527 GC heap before
{Heap before GC invocations=86 (full 7):
 PSYoungGen      total 48640K, used 48133K [0x00000000eab00000, 0x00000000ee400000, 0x0000000100000000)
  eden space 39936K, 100% used [0x00000000eab00000,0x00000000ed200000,0x00000000ed200000)
  from space 8704K, 94% used [0x00000000edb80000,0x00000000ee381658,0x00000000ee400000)
  to   space 8704K, 0% used [0x00000000ed300000,0x00000000ed300000,0x00000000edb80000)
 ParOldGen       total 264704K, used 211653K [0x00000000c0000000, 0x00000000d0280000, 0x00000000eab00000)
  object space 264704K, 79% used [0x00000000c0000000,0x00000000cceb16d0,0x00000000d0280000)
 Metaspace       used 52237K, capacity 54674K, committed 55000K, reserved 1097728K
  class space    used 5362K, capacity 6283K, committed 6400K, reserved 1048576K
}
Event: 16.554 GC heap after
{Heap after GC invocations=86 (full 7):
 PSYoungGen      total 48640K, used 8672K [0x00000000eab00000, 0x00000000ee400000, 0x0000000100000000)
  eden space 39936K, 0% used [0x00000000eab00000,0x00000000eab00000,0x00000000ed200000)
  from space 8704K, 99% used [0x00000000ed300000,0x00000000edb781f8,0x00000000edb80000)
  to   space 8704K, 0% used [0x00000000edb80000,0x00000000edb80000,0x00000000ee400000)
 ParOldGen       total 264704K, used 220993K [0x00000000c0000000, 0x00000000d0280000, 0x00000000eab00000)
  object space 264704K, 83% used [0x00000000c0000000,0x00000000cd7d0548,0x00000000d0280000)
 Metaspace       used 52237K, capacity 54674K, committed 55000K, reserved 1097728K
  class space    used 5362K, capacity 6283K, committed 6400K, reserved 1048576K
}
Event: 16.784 GC heap before
{Heap before GC invocations=87 (full 7):
 PSYoungGen      total 48640K, used 48608K [0x00000000eab00000, 0x00000000ee400000, 0x0000000100000000)
  eden space 39936K, 100% used [0x00000000eab00000,0x00000000ed200000,0x00000000ed200000)
  from space 8704K, 99% used [0x00000000ed300000,0x00000000edb781f8,0x00000000edb80000)
  to   space 8704K, 0% used [0x00000000edb80000,0x00000000edb80000,0x00000000ee400000)
 ParOldGen       total 264704K, used 220993K [0x00000000c0000000, 0x00000000d0280000, 0x00000000eab00000)
  object space 264704K, 83% used [0x00000000c0000000,0x00000000cd7d0548,0x00000000d0280000)
 Metaspace       used 52588K, capacity 54999K, committed 55256K, reserved 1097728K
  class space    used 5387K, capacity 6285K, committed 6400K, reserved 1048576K
}
Event: 16.800 GC heap after
{Heap after GC invocations=87 (full 7):
 PSYoungGen      total 46592K, used 8012K [0x00000000eab00000, 0x00000000eec00000, 0x0000000100000000)
  eden space 37888K, 0% used [0x00000000eab00000,0x00000000eab00000,0x00000000ed000000)
  from space 8704K, 92% used [0x00000000edb80000,0x00000000ee353170,0x00000000ee400000)
  to   space 11776K, 0% used [0x00000000ed000000,0x00000000ed000000,0x00000000edb80000)
 ParOldGen       total 264704K, used 228484K [0x00000000c0000000, 0x00000000d0280000, 0x00000000eab00000)
  object space 264704K, 86% used [0x00000000c0000000,0x00000000cdf21140,0x00000000d0280000)
 Metaspace       used 52588K, capacity 54999K, committed 55256K, reserved 1097728K
  class space    used 5387K, capacity 6285K, committed 6400K, reserved 1048576K
}

